<?xml version="1.0" encoding="UTF-8"?>
<testsuite xmlns:xsi="http://www.w3.org/2001/XMLSchema-instance" xsi:noNamespaceSchemaLocation="https://maven.apache.org/surefire/maven-surefire-plugin/xsd/surefire-test-report.xsd" name="com.mcnz.rps.GameSummaryTest" time="0" tests="4" errors="0" skipped="0" failures="0">
  <properties>
    <property name="sun.desktop" value="windows"/>
    <property name="awt.toolkit" value="sun.awt.windows.WToolkit"/>
    <property name="java.specification.version" value="11"/>
    <property name="sun.cpu.isalist" value="amd64"/>
    <property name="sun.jnu.encoding" value="Cp1252"/>
    <property name="java.class.path" value="C:\temp\ldf\rock-paper-scissors\target\test-classes;C:\temp\ldf\rock-paper-scissors\target\classes;C:\Users\Owner\.m2\repository\junit\junit\4.13.1\junit-4.13.1.jar;C:\Users\Owner\.m2\repository\org\hamcrest\hamcrest-core\1.3\hamcrest-core-1.3.jar;"/>
    <property name="java.vm.vendor" value="AdoptOpenJDK"/>
    <property name="sun.arch.data.model" value="64"/>
    <property name="user.variant" value=""/>
    <property name="java.vendor.url" value="https://adoptopenjdk.net/"/>
    <property name="user.timezone" value="America/New_York"/>
    <property name="java.vm.specification.version" value="11"/>
    <property name="os.name" value="Windows 10"/>
    <property name="sun.java.launcher" value="SUN_STANDARD"/>
    <property name="user.country" value="US"/>
    <property name="sun.boot.library.path" value="C:\_tools\jdk11\bin"/>
    <property name="sun.java.command" value="C:\Users\Owner\AppData\Local\Temp\surefire14025855950240122887\surefirebooter11784951753209433183.jar C:\Users\Owner\AppData\Local\Temp\surefire14025855950240122887 2020-11-26T16-56-57_977-jvmRun1 surefire8207235167630102079tmp surefire_011453730671889252448tmp"/>
    <property name="jdk.debug" value="release"/>
    <property name="surefire.test.class.path" value="C:\temp\ldf\rock-paper-scissors\target\test-classes;C:\temp\ldf\rock-paper-scissors\target\classes;C:\Users\Owner\.m2\repository\junit\junit\4.13.1\junit-4.13.1.jar;C:\Users\Owner\.m2\repository\org\hamcrest\hamcrest-core\1.3\hamcrest-core-1.3.jar;"/>
    <property name="sun.cpu.endian" value="little"/>
    <property name="user.home" value="C:\Users\Owner"/>
    <property name="user.language" value="en"/>
    <property name="java.specification.vendor" value="Oracle Corporation"/>
    <property name="java.version.date" value="2020-10-20"/>
    <property name="java.home" value="C:\_tools\jdk11"/>
    <property name="file.separator" value="\"/>
    <property name="basedir" value="C:\temp\ldf\rock-paper-scissors"/>
    <property name="java.vm.compressedOopsMode" value="Zero based"/>
    <property name="line.separator" value="&#10;"/>
    <property name="java.specification.name" value="Java Platform API Specification"/>
    <property name="java.vm.specification.vendor" value="Oracle Corporation"/>
    <property name="java.awt.graphicsenv" value="sun.awt.Win32GraphicsEnvironment"/>
    <property name="surefire.real.class.path" value="C:\Users\Owner\AppData\Local\Temp\surefire14025855950240122887\surefirebooter11784951753209433183.jar"/>
    <property name="user.script" value=""/>
    <property name="sun.management.compiler" value="HotSpot 64-Bit Tiered Compilers"/>
    <property name="java.runtime.version" value="11.0.9+11"/>
    <property name="user.name" value="Owner"/>
    <property name="path.separator" value=";"/>
    <property name="os.version" value="10.0"/>
    <property name="java.runtime.name" value="OpenJDK Runtime Environment"/>
    <property name="file.encoding" value="Cp1252"/>
    <property name="java.vm.name" value="OpenJDK 64-Bit Server VM"/>
    <property name="java.vendor.version" value="AdoptOpenJDK"/>
    <property name="localRepository" value="C:\Users\Owner\.m2\repository"/>
    <property name="java.vendor.url.bug" value="https://github.com/AdoptOpenJDK/openjdk-support/issues"/>
    <property name="java.io.tmpdir" value="C:\Users\Owner\AppData\Local\Temp\"/>
    <property name="java.version" value="11.0.9"/>
    <property name="user.dir" value="C:\temp\ldf\rock-paper-scissors"/>
    <property name="os.arch" value="amd64"/>
    <property name="java.vm.specification.name" value="Java Virtual Machine Specification"/>
    <property name="java.awt.printerjob" value="sun.awt.windows.WPrinterJob"/>
    <property name="sun.os.patch.level" value=""/>
    <property name="java.library.path" value="C:\_tools\jdk11\bin;C:\WINDOWS\Sun\Java\bin;C:\WINDOWS\system32;C:\WINDOWS;C:\Users\Owner\bin;C:\_tools\git\mingw64\bin;C:\_tools\git\usr\local\bin;C:\_tools\git\usr\bin;C:\_tools\git\usr\bin;C:\_tools\git\mingw64\bin;C:\_tools\git\usr\bin;C:\Users\Owner\bin;C:\Program Files (x86)\VMware\VMware Player\bin;C:\_tools\jdk11\bin;C:\WINDOWS\system32;C:\WINDOWS;C:\WINDOWS\System32\Wbem;C:\WINDOWS\System32\WindowsPowerShell\v1.0;C:\Program Files (x86)\Skype\Phone;C:\WINDOWS\System32\OpenSSH;C:\_tools\git\cmd;C:\_tools\git\mingw64\bin;C:\_tools\git\usr\bin;C:\_tools\maven\bin;C:\_tools\gradle\bin;C:\_tools\ant\bin;C:\Users\Owner\AppData\Local\Microsoft\WindowsApps;C:\_tools\git\usr\bin\vendor_perl;C:\_tools\git\usr\bin\core_perl;."/>
    <property name="java.vm.info" value="mixed mode"/>
    <property name="java.vendor" value="AdoptOpenJDK"/>
    <property name="java.vm.version" value="11.0.9+11"/>
    <property name="sun.io.unicode.encoding" value="UnicodeLittle"/>
    <property name="java.class.version" value="55.0"/>
  </properties>
  <testcase name="testGetClientGesture" classname="com.mcnz.rps.GameSummaryTest" time="0"/>
  <testcase name="testGetServerGesture" classname="com.mcnz.rps.GameSummaryTest" time="0"/>
  <testcase name="testGetDate" classname="com.mcnz.rps.GameSummaryTest" time="0"/>
  <testcase name="testGetResult" classname="com.mcnz.rps.GameSummaryTest" time="0"/>
</testsuite>